<?xml version="1.0"?>
<testsuites>
  <testsuite name="PhantomJS 1.9.8 (Mac OS X)" package="" timestamp="2015-01-05T15:45:43" id="0" hostname="Elliots-MBP.flashtalking.lds" tests="14" errors="0" failures="0" time="0.119">
    <properties>
      <property name="browser.fullName" value="Mozilla/5.0 (Macintosh; Intel Mac OS X) AppleWebKit/534.34 (KHTML, like Gecko) PhantomJS/1.9.8 Safari/534.34"/>
    </properties>
    <testcase name="$scope.find() should create an array with at least one article object fetched from XHR" time="0.024" classname="PhantomJS 1.9.8 (Mac OS X).ArticlesController"/>
    <testcase name="$scope.findOne() should create an array with one article object fetched from XHR using a articleId URL parameter" time="0.006" classname="PhantomJS 1.9.8 (Mac OS X).ArticlesController"/>
    <testcase name="$scope.create() with valid form data should send a POST request with the form input values and then locate to new object URL" time="0.005" classname="PhantomJS 1.9.8 (Mac OS X).ArticlesController"/>
    <testcase name="$scope.update() should update a valid article" time="0.005" classname="PhantomJS 1.9.8 (Mac OS X).ArticlesController"/>
    <testcase name="$scope.remove() should send a DELETE request with a valid articleId and remove the article from the scope" time="0.005" classname="PhantomJS 1.9.8 (Mac OS X).ArticlesController"/>
    <testcase name="should expose the authentication service" time="0.01" classname="PhantomJS 1.9.8 (Mac OS X).HeaderController"/>
    <testcase name="should expose the authentication service" time="0.005" classname="PhantomJS 1.9.8 (Mac OS X).HomeController"/>
    <testcase name="Should do some controller test" time="0.006" classname="PhantomJS 1.9.8 (Mac OS X).Slab list Controller Tests"/>
    <testcase name="Should do some controller test" time="0.02" classname="PhantomJS 1.9.8 (Mac OS X).Stage Controller Tests"/>
    <testcase name="$scope.signin() should login with a correct user and password" time="0.005" classname="PhantomJS 1.9.8 (Mac OS X).AuthenticationController"/>
    <testcase name="$scope.signin() should fail to log in with nothing" time="0.004" classname="PhantomJS 1.9.8 (Mac OS X).AuthenticationController"/>
    <testcase name="$scope.signin() should fail to log in with wrong credentials" time="0.013" classname="PhantomJS 1.9.8 (Mac OS X).AuthenticationController"/>
    <testcase name="$scope.signup() should register with correct data" time="0.006" classname="PhantomJS 1.9.8 (Mac OS X).AuthenticationController"/>
    <testcase name="$scope.signup() should fail to register with duplicate Username" time="0.005" classname="PhantomJS 1.9.8 (Mac OS X).AuthenticationController"/>
    <system-out><![CDATA[PhantomJS 1.9.8 (Mac OS X) LOG: ' _ _ making draggable'

]]></system-out>
    <system-err/>
  </testsuite>
</testsuites>
